<?xml version="1.0" encoding="UTF-8"?>
<!-- Generated by org.testng.reporters.JUnitReportReporter -->
<testsuite hostname="DESKTOP-AAP1BB1" failures="0" tests="1" name="regression_zuddo.HomePageTest" time="13.813" errors="0" timestamp="17 Mar 2020 06:41:55 GMT">
  <testcase classname="regression_zuddo.HomePageTest" name="TC_UI002" time="13.813"/>
</testsuite> <!-- regression_zuddo.HomePageTest -->
